<?xml version="1.0" encoding="UTF-8"?>
<!-- Generated by org.testng.reporters.JUnitXMLReporter -->
<testsuite ignored="2" hostname="LAPTOP-9EU788GR" failures="0" tests="0" time="0.008" errors="0" timestamp="2025-02-10T23:26:16 IST">
  <testcase classname="RQAFramwork.SubmitOrderTest" name="SubmitOrder" time="0.0">
    <ignored/>
  </testcase> <!-- SubmitOrder -->
  <testcase classname="RQAFramwork.SubmitOrderTest" name="OrderHistory" time="0.0">
    <ignored/>
  </testcase> <!-- OrderHistory -->
</testsuite>
