<?xml version="1.0" encoding="UTF-8"?>
<!-- Generated by org.testng.reporters.JUnitXMLReporter -->
<testsuite ignored="0" hostname="ashoksinh" failures="0" tests="3" name="Submit Order Test" time="28.811" errors="0" timestamp="2025-01-27T17:22:17 IST">
  <testcase classname="RQAFramwork.SubmitOrderTest" name="SubmitOrder" time="7.475"/>
  <testcase classname="RQAFramwork.SubmitOrderTest" name="SubmitOrder" time="7.034"/>
  <testcase classname="RQAFramwork.SubmitOrderTest" name="OrderHistory" time="2.523"/>
</testsuite> <!-- Submit Order Test -->
